2026-02-26 14:22:43,282 | INFO | cli | Account Created successfully
2026-03-01 01:06:58,526 | INFO | __main__ | Snort already installed.
2026-03-01 01:06:58,561 | INFO | cli | Post installation completed successfully
2026-03-01 01:10:28,946 | INFO | __main__ | Snort already installed.
2026-03-01 01:10:28,987 | INFO | cli | Post installation completed successfully
2026-03-02 19:05:37,625 | ERROR | modules.configuration.rule_manager | Failed to enable rule
Traceback (most recent call last):
  File "C:\Users\DELL\Desktop\SnortAMV\modules\configuration\rule_manager.py", line 72, in enable_rule
    if action == "sources":
       ^^^^^^
NameError: name 'action' is not defined
2026-03-03 01:34:09,292 | INFO | cli | Starting decryption process
2026-03-03 01:34:13,696 | ERROR | cli | Decryption failed
2026-03-03 01:34:13,697 | ERROR | cli | STDOUT:
=== Snort TLS Decrypt (Windows) ===
Missing required tool: tshark.exe
Install Wireshark from:
https://www.wireshark.org/download.html

2026-03-03 01:34:13,697 | ERROR | cli | STDERR:

2026-03-03 13:33:50,382 | INFO | cli | Account Created successfully
2026-03-03 13:35:02,929 | INFO | cli | Account Created successfully
2026-03-03 13:38:41,745 | INFO | cli | Account Created successfully
2026-03-03 14:21:30,334 | INFO | modules.configuration.rule_manager | [DRY-RUN] Disabled custom_copy.rules
2026-03-03 14:43:08,511 | INFO | cli | Altered by The user
2026-03-03 19:22:49,553 | INFO | cli | Altered by The user
2026-03-03 19:23:11,552 | INFO | cli | Altered by The user
2026-03-03 19:24:18,975 | INFO | cli | Altered by The user
2026-03-03 19:24:42,143 | INFO | cli | Altered by The user
2026-03-05 22:04:44,011 | INFO | 19 | modules.acc_managt.creat_acc | Created account: Runy
2026-03-05 22:04:44,013 | INFO | 195 | cli | Account Created successfully
2026-03-05 22:05:26,860 | INFO | modules.acc_managt.creat_acc | Created account: huch
2026-03-05 22:05:26,862 | INFO | cli | Account Created successfully
