2026-03-03 14:34:40,352 | ERROR | snortamv.error.cli | cli Fatal crash from the cli
Traceback (most recent call last):
  File "C:\Users\DELL\Desktop\SnortAMV\cli.py", line 289, in main
    args.func(args)
    ~~~~~~~~~^^^^^^
  File "C:\Users\DELL\Desktop\SnortAMV\cli.py", line 242, in <lambda>
    func=lambda _: interactive_add_rule(ROOT)
                   ~~~~~~~~~~~~~~~~~~~~^^^^^^
  File "C:\Users\DELL\Desktop\SnortAMV\modules\configuration\setup_rules.py", line 42, in interactive_add_rule
    console.print(local_rules.read_text(), style="green")
                  ~~~~~~~~~~~~~~~~~~~~~^^
  File "C:\Users\DELL\AppData\Local\Programs\Python\Python313\Lib\pathlib\_local.py", line 546, in read_text
    return PathBase.read_text(self, encoding, errors, newline)
           ~~~~~~~~~~~~~~~~~~^^^^^^^^^^^^^^^^^^^^^^^^^^^^^^^^^
  File "C:\Users\DELL\AppData\Local\Programs\Python\Python313\Lib\pathlib\_abc.py", line 632, in read_text
    with self.open(mode='r', encoding=encoding, errors=errors, newline=newline) as f:
         ~~~~~~~~~^^^^^^^^^^^^^^^^^^^^^^^^^^^^^^^^^^^^^^^^^^^^^^^^^^^^^^^^^^^^^
  File "C:\Users\DELL\AppData\Local\Programs\Python\Python313\Lib\pathlib\_local.py", line 537, in open
    return io.open(self, mode, buffering, encoding, errors, newline)
           ~~~~~~~^^^^^^^^^^^^^^^^^^^^^^^^^^^^^^^^^^^^^^^^^^^^^^^^^^
FileNotFoundError: [Errno 2] No such file or directory: 'C:\\Users\\DELL\\Desktop\\SnortAMV\\rules\\sources\\checking.rules'
